
=== Wed Feb 20 15:58:11 2019

Packages were changed.
Update Mode: updateDependencies

The following packages were added:
  com.unity.collab-proxy@1.2.15
The following packages were updated:
  com.unity.analytics from version 2.0.16 to 3.2.2
  com.unity.package-manager-ui from version 1.9.11 to 2.0.3
  com.unity.textmeshpro from version 1.2.4 to 1.3.0

=== Tue Nov 10 13:44:55 2020

Packages were changed.
Update Mode: updateDependencies

The following packages were updated:
  com.unity.analytics from version 3.2.2 to 3.2.3
  com.unity.package-manager-ui from version 2.0.3 to 2.0.8
  com.unity.textmeshpro from version 1.3.0 to 1.4.1
  com.unity.xr.oculus.standalone from version 1.29.1 to 1.38.3

=== Thu Nov 19 16:28:38 2020

Packages were changed.
Update Mode: updateDependencies

The following packages were updated:
  com.unity.package-manager-ui from version 2.0.8 to 2.0.13
  com.unity.purchasing from version 2.0.3 to 2.1.1

=== Fri Dec 18 17:29:19 2020

Packages were changed.
Update Mode: updateDependencies

The following packages were updated:
  com.unity.ads from version 3.4.9 to 3.5.2
  com.unity.ide.vscode from version 1.2.1 to 1.2.3
  com.unity.purchasing from version 2.1.0 to 2.1.1
  com.unity.test-framework from version 1.1.16 to 1.1.19
  com.unity.xr.management from version 3.2.15 to 3.2.16
  com.unity.xr.windowsmr from version 2.3.0 to 2.4.1

=== Mon Feb 22 14:45:08 2021

Packages were changed.
Update Mode: updateDependencies

The following packages were updated:
  com.unity.ads from version 3.5.2 to 3.6.1
  com.unity.multiplayer-hlapi from version 1.0.6 to 1.0.8
  com.unity.purchasing from version 2.1.1 to 2.2.1
  com.unity.test-framework from version 1.1.19 to 1.1.20
  com.unity.xr.management from version 3.2.16 to 3.2.17
  com.unity.xr.windowsmr from version 2.4.1 to 2.5.2
